<?xml version="1.0" encoding="UTF-8"?>
<!-- Generated by org.testng.reporters.JUnitReportReporter -->
<testsuite hostname="DESKTOP-J1HCGMD" failures="0" tests="2" name="com.training.sanity.tests.ELTC_040_AddProjectdetail" time="25.871" errors="0" timestamp="18 May 2020 07:32:46 GMT" skipped="0">
  <testcase classname="com.training.sanity.tests.ELTC_040_AddProjectdetail" name="validLoginTest" time="8.678"/>
  <testcase classname="com.training.sanity.tests.ELTC_040_AddProjectdetail" name="Coursecatalog" time="17.193"/>
</testsuite> <!-- com.training.sanity.tests.ELTC_040_AddProjectdetail -->
