<?xml version="1.0" encoding="UTF-8"?>
<!-- Generated by org.testng.reporters.JUnitReportReporter -->
<testsuite hostname="DESKTOP-J1HCGMD" failures="0" tests="2" name="com.training.sanity.tests.ELTC_042_TakeAssessmentTest" time="23.051" errors="0" timestamp="17 May 2020 13:19:07 GMT" skipped="0">
  <testcase classname="com.training.sanity.tests.ELTC_042_TakeAssessmentTest" name="validLoginTest" time="9.817"/>
  <testcase classname="com.training.sanity.tests.ELTC_042_TakeAssessmentTest" name="Search" time="13.234"/>
</testsuite> <!-- com.training.sanity.tests.ELTC_042_TakeAssessmentTest -->
